2025-05-30 13:40:33,376 INFO o.a.j.u.JMeterUtils: Setting Locale to en_EN
2025-05-30 13:40:33,393 INFO o.a.j.JMeter: Loading user properties from: C:\apache-jmeter-5.6.3\bin\user.properties
2025-05-30 13:40:33,393 INFO o.a.j.JMeter: Loading system properties from: C:\apache-jmeter-5.6.3\bin\system.properties
2025-05-30 13:40:33,396 INFO o.a.j.JMeter: Copyright (c) 1998-2024 The Apache Software Foundation
2025-05-30 13:40:33,396 INFO o.a.j.JMeter: Version 5.6.3
2025-05-30 13:40:33,396 INFO o.a.j.JMeter: java.version=17.0.14
2025-05-30 13:40:33,396 INFO o.a.j.JMeter: java.vm.name=OpenJDK 64-Bit Server VM
2025-05-30 13:40:33,396 INFO o.a.j.JMeter: os.name=Windows 11
2025-05-30 13:40:33,396 INFO o.a.j.JMeter: os.arch=amd64
2025-05-30 13:40:33,396 INFO o.a.j.JMeter: os.version=10.0
2025-05-30 13:40:33,396 INFO o.a.j.JMeter: file.encoding=UTF-8
2025-05-30 13:40:33,396 INFO o.a.j.JMeter: java.awt.headless=null
2025-05-30 13:40:33,396 INFO o.a.j.JMeter: Max memory     =1073741824
2025-05-30 13:40:33,396 INFO o.a.j.JMeter: Available Processors =16
2025-05-30 13:40:33,404 INFO o.a.j.JMeter: Default Locale=English (EN)
2025-05-30 13:40:33,404 INFO o.a.j.JMeter: JMeter  Locale=English (EN)
2025-05-30 13:40:33,404 INFO o.a.j.JMeter: JMeterHome=C:\apache-jmeter-5.6.3
2025-05-30 13:40:33,404 INFO o.a.j.JMeter: user.dir  =D:\Workspace\Performance\jmeter-prometheus-grafana\jmeter
2025-05-30 13:40:33,404 INFO o.a.j.JMeter: PWD       =D:\Workspace\Performance\jmeter-prometheus-grafana\jmeter
2025-05-30 13:40:38,343 INFO o.a.j.JMeter: IP: 192.168.56.1 Name: DESKTOP-QB5TJI1 FullName: DESKTOP-QB5TJI1
2025-05-30 13:40:38,350 INFO o.a.j.JMeter: Loaded icon properties from org/apache/jmeter/images/icon.properties
2025-05-30 13:40:38,483 INFO o.a.j.JMeterGuiLauncher: Setting LAF to: com.github.weisj.darklaf.DarkLaf:com.github.weisj.darklaf.theme.IntelliJTheme
2025-05-30 13:40:39,351 INFO o.a.j.r.ClassFinder: Will scan jar C:\apache-jmeter-5.6.3\lib\ext\jmeter-plugins-manager-1.10.jar with filter ExtendsClassFilter [parents=[interface org.apache.jmeter.gui.action.Command], inner=false, contains=null, notContains=null]. Consider exposing JMeter plugins via META-INF/services, and add JMeter-Skip-Class-Scanning=true manifest attribute so JMeter can skip classfile scanning
2025-05-30 13:40:39,425 INFO o.a.j.r.ClassFinder: Will scan jar C:\apache-jmeter-5.6.3\lib\ext\jmeter-plugins-casutg-3.1.1.jar with filter ExtendsClassFilter [parents=[interface org.apache.jmeter.gui.action.Command], inner=false, contains=null, notContains=null]. Consider exposing JMeter plugins via META-INF/services, and add JMeter-Skip-Class-Scanning=true manifest attribute so JMeter can skip classfile scanning
2025-05-30 13:40:39,436 INFO o.a.j.r.ClassFinder: Will scan jar C:\apache-jmeter-5.6.3\lib\ext\jmeter-plugins-wsc-0.7.jar with filter ExtendsClassFilter [parents=[interface org.apache.jmeter.gui.action.Command], inner=false, contains=null, notContains=null]. Consider exposing JMeter plugins via META-INF/services, and add JMeter-Skip-Class-Scanning=true manifest attribute so JMeter can skip classfile scanning
2025-05-30 13:40:39,484 INFO o.a.j.r.ClassFinder: Will scan jar C:\apache-jmeter-5.6.3\lib\ext\jmeter-plugins-manager-1.10.jar with filter ExtendsClassFilter [parents=[interface org.apache.jmeter.gui.plugin.MenuCreator], inner=false, contains=null, notContains=null]. Consider exposing JMeter plugins via META-INF/services, and add JMeter-Skip-Class-Scanning=true manifest attribute so JMeter can skip classfile scanning
2025-05-30 13:40:39,486 INFO o.a.j.r.ClassFinder: Will scan jar C:\apache-jmeter-5.6.3\lib\ext\jmeter-plugins-casutg-3.1.1.jar with filter ExtendsClassFilter [parents=[interface org.apache.jmeter.gui.plugin.MenuCreator], inner=false, contains=null, notContains=null]. Consider exposing JMeter plugins via META-INF/services, and add JMeter-Skip-Class-Scanning=true manifest attribute so JMeter can skip classfile scanning
2025-05-30 13:40:39,486 INFO o.a.j.r.ClassFinder: Will scan jar C:\apache-jmeter-5.6.3\lib\ext\jmeter-plugins-wsc-0.7.jar with filter ExtendsClassFilter [parents=[interface org.apache.jmeter.gui.plugin.MenuCreator], inner=false, contains=null, notContains=null]. Consider exposing JMeter plugins via META-INF/services, and add JMeter-Skip-Class-Scanning=true manifest attribute so JMeter can skip classfile scanning
2025-05-30 13:40:40,041 INFO o.j.r.JARSourceHTTP: Found cached repo
2025-05-30 13:40:40,182 INFO o.j.r.PluginManager: Plugins Status: [jpgc-casutg=3.1.1, jpgc-plugins-manager=1.10, jpgc-wsc=0.7, jmeter-core=5.6.3, jmeter-ftp=5.6.3, jmeter-http=5.6.3, jmeter-jdbc=5.6.3, jmeter-jms=5.6.3, jmeter-junit=5.6.3, jmeter-java=5.6.3, jmeter-ldap=5.6.3, jmeter-mail=5.6.3, jmeter-mongodb=5.6.3, jmeter-native=5.6.3, jmeter-tcp=5.6.3, jmeter-components=5.6.3]
2025-05-30 13:40:47,128 INFO o.a.j.s.FileServer: Default base='D:\Workspace\Performance\jmeter-prometheus-grafana\jmeter'
2025-05-30 13:40:47,128 INFO o.a.j.g.a.Load: Loading file: D:\Workspace\Performance\jmeter-prometheus-grafana\jmeter\tests\simple.jmx
2025-05-30 13:40:47,128 INFO o.a.j.s.FileServer: Set new base='D:\Workspace\Performance\jmeter-prometheus-grafana\jmeter\tests'
2025-05-30 13:40:47,282 INFO o.a.j.s.SaveService: Testplan (JMX) version: 2.2. Testlog (JTL) version: 2.2
2025-05-30 13:40:47,287 INFO o.a.j.s.SaveService: Using SaveService properties version 5.0
2025-05-30 13:40:47,289 INFO o.a.j.s.SaveService: Using SaveService properties file encoding UTF-8
2025-05-30 13:40:47,289 INFO o.a.j.s.SaveService: Loading file: D:\Workspace\Performance\jmeter-prometheus-grafana\jmeter\tests\simple.jmx
2025-05-30 13:40:47,410 INFO o.a.j.s.FileServer: Set new base='D:\Workspace\Performance\jmeter-prometheus-grafana\jmeter\tests'
2025-05-30 13:41:01,696 INFO o.a.j.g.a.Load: Loading file: D:\Workspace\Performance\jmeter-prometheus-grafana\jmeter\tests\WebTours2.jmx
2025-05-30 13:41:01,696 INFO o.a.j.s.FileServer: Set new base='D:\Workspace\Performance\jmeter-prometheus-grafana\jmeter\tests'
2025-05-30 13:41:01,696 INFO o.a.j.s.SaveService: Loading file: D:\Workspace\Performance\jmeter-prometheus-grafana\jmeter\tests\WebTours2.jmx
2025-05-30 13:41:01,790 INFO o.a.j.p.h.c.CookieManager: Settings: Delete null: true Check: true Allow variable: true Save: false Prefix: COOKIE_
2025-05-30 13:41:01,809 INFO o.a.j.p.h.s.HTTPSamplerBase: Parser for text/html is org.apache.jmeter.protocol.http.parser.LagartoBasedHtmlParser
2025-05-30 13:41:01,810 INFO o.a.j.p.h.s.HTTPSamplerBase: Parser for application/xhtml+xml is org.apache.jmeter.protocol.http.parser.LagartoBasedHtmlParser
2025-05-30 13:41:01,810 INFO o.a.j.p.h.s.HTTPSamplerBase: Parser for application/xml is org.apache.jmeter.protocol.http.parser.LagartoBasedHtmlParser
2025-05-30 13:41:01,810 INFO o.a.j.p.h.s.HTTPSamplerBase: Parser for text/xml is org.apache.jmeter.protocol.http.parser.LagartoBasedHtmlParser
2025-05-30 13:41:01,810 INFO o.a.j.p.h.s.HTTPSamplerBase: Parser for text/vnd.wap.wml is org.apache.jmeter.protocol.http.parser.RegexpHTMLParser
2025-05-30 13:41:01,810 INFO o.a.j.p.h.s.HTTPSamplerBase: Parser for text/css is org.apache.jmeter.protocol.http.parser.CssParser
2025-05-30 13:41:02,095 INFO o.a.j.e.KeyToolUtils: keytool found at 'keytool'
2025-05-30 13:41:02,095 INFO o.a.j.p.h.p.ProxyControl: HTTP(S) Test Script Recorder SSL Proxy will use keys that support embedded 3rd party resources in file C:\apache-jmeter-5.6.3\bin\proxyserver.jks
2025-05-30 13:41:02,365 INFO o.a.j.s.SampleResult: Note: Sample TimeStamps are START times
2025-05-30 13:41:02,365 INFO o.a.j.s.SampleResult: sampleresult.default.encoding is set to UTF-8
2025-05-30 13:41:02,365 INFO o.a.j.s.SampleResult: sampleresult.useNanoTime=true
2025-05-30 13:41:02,365 INFO o.a.j.s.SampleResult: sampleresult.nanoThreadSleep=5000
2025-05-30 13:41:02,472 INFO o.a.j.r.ClassFinder: Will scan jar C:\apache-jmeter-5.6.3\lib\ext\jmeter-plugins-manager-1.10.jar with filter ExtendsClassFilter [parents=[interface org.apache.jmeter.visualizers.ResultRenderer], inner=false, contains=null, notContains=null]. Consider exposing JMeter plugins via META-INF/services, and add JMeter-Skip-Class-Scanning=true manifest attribute so JMeter can skip classfile scanning
2025-05-30 13:41:02,474 INFO o.a.j.r.ClassFinder: Will scan jar C:\apache-jmeter-5.6.3\lib\ext\jmeter-plugins-casutg-3.1.1.jar with filter ExtendsClassFilter [parents=[interface org.apache.jmeter.visualizers.ResultRenderer], inner=false, contains=null, notContains=null]. Consider exposing JMeter plugins via META-INF/services, and add JMeter-Skip-Class-Scanning=true manifest attribute so JMeter can skip classfile scanning
2025-05-30 13:41:02,474 INFO o.a.j.r.ClassFinder: Will scan jar C:\apache-jmeter-5.6.3\lib\ext\jmeter-plugins-wsc-0.7.jar with filter ExtendsClassFilter [parents=[interface org.apache.jmeter.visualizers.ResultRenderer], inner=false, contains=null, notContains=null]. Consider exposing JMeter plugins via META-INF/services, and add JMeter-Skip-Class-Scanning=true manifest attribute so JMeter can skip classfile scanning
2025-05-30 13:41:02,504 INFO o.a.j.r.ClassFinder: Will scan jar C:\apache-jmeter-5.6.3\lib\ext\jmeter-plugins-manager-1.10.jar with filter ExtendsClassFilter [parents=[interface org.apache.jmeter.visualizers.RequestView], inner=false, contains=null, notContains=null]. Consider exposing JMeter plugins via META-INF/services, and add JMeter-Skip-Class-Scanning=true manifest attribute so JMeter can skip classfile scanning
2025-05-30 13:41:02,505 INFO o.a.j.r.ClassFinder: Will scan jar C:\apache-jmeter-5.6.3\lib\ext\jmeter-plugins-casutg-3.1.1.jar with filter ExtendsClassFilter [parents=[interface org.apache.jmeter.visualizers.RequestView], inner=false, contains=null, notContains=null]. Consider exposing JMeter plugins via META-INF/services, and add JMeter-Skip-Class-Scanning=true manifest attribute so JMeter can skip classfile scanning
2025-05-30 13:41:02,505 INFO o.a.j.r.ClassFinder: Will scan jar C:\apache-jmeter-5.6.3\lib\ext\jmeter-plugins-wsc-0.7.jar with filter ExtendsClassFilter [parents=[interface org.apache.jmeter.visualizers.RequestView], inner=false, contains=null, notContains=null]. Consider exposing JMeter plugins via META-INF/services, and add JMeter-Skip-Class-Scanning=true manifest attribute so JMeter can skip classfile scanning
2025-05-30 13:41:02,609 INFO o.a.j.e.u.CompoundVariable: Note: Function class names must contain the string: '.functions.'
2025-05-30 13:41:02,609 INFO o.a.j.e.u.CompoundVariable: Note: Function class names must not contain the string: '.gui.'
2025-05-30 13:41:02,634 INFO o.a.j.r.ClassFinder: Will scan jar C:\apache-jmeter-5.6.3\lib\ext\jmeter-plugins-manager-1.10.jar with filter ExtendsClassFilter [parents=[interface org.apache.jmeter.functions.Function], inner=false, contains=null, notContains=null]. Consider exposing JMeter plugins via META-INF/services, and add JMeter-Skip-Class-Scanning=true manifest attribute so JMeter can skip classfile scanning
2025-05-30 13:41:02,634 INFO o.a.j.r.ClassFinder: Will scan jar C:\apache-jmeter-5.6.3\lib\ext\jmeter-plugins-casutg-3.1.1.jar with filter ExtendsClassFilter [parents=[interface org.apache.jmeter.functions.Function], inner=false, contains=null, notContains=null]. Consider exposing JMeter plugins via META-INF/services, and add JMeter-Skip-Class-Scanning=true manifest attribute so JMeter can skip classfile scanning
2025-05-30 13:41:02,636 INFO o.a.j.r.ClassFinder: Will scan jar C:\apache-jmeter-5.6.3\lib\ext\jmeter-plugins-wsc-0.7.jar with filter ExtendsClassFilter [parents=[interface org.apache.jmeter.functions.Function], inner=false, contains=null, notContains=null]. Consider exposing JMeter plugins via META-INF/services, and add JMeter-Skip-Class-Scanning=true manifest attribute so JMeter can skip classfile scanning
2025-05-30 13:41:02,652 WARN c.b.j.c.WeightedSwitchController: Returning empty collection
2025-05-30 13:41:03,573 INFO o.a.j.s.FileServer: Set new base='D:\Workspace\Performance\jmeter-prometheus-grafana\jmeter\tests'
2025-05-30 13:41:13,584 INFO o.a.j.g.a.Load: Loading file: D:\Workspace\Performance\jmeter-prometheus-grafana\jmeter\tests\simple.jmx
2025-05-30 13:41:13,584 INFO o.a.j.s.FileServer: Set new base='D:\Workspace\Performance\jmeter-prometheus-grafana\jmeter\tests'
2025-05-30 13:41:13,584 INFO o.a.j.s.SaveService: Loading file: D:\Workspace\Performance\jmeter-prometheus-grafana\jmeter\tests\simple.jmx
2025-05-30 13:41:13,592 INFO o.a.j.s.FileServer: Set new base='D:\Workspace\Performance\jmeter-prometheus-grafana\jmeter\tests'
2025-05-30 13:41:18,356 INFO o.a.j.g.a.Load: Merging file: D:\Workspace\Performance\jmeter-prometheus-grafana\jmeter\tests\WebTours2.jmx
2025-05-30 13:41:18,356 INFO o.a.j.s.SaveService: Loading file: D:\Workspace\Performance\jmeter-prometheus-grafana\jmeter\tests\WebTours2.jmx
2025-05-30 13:41:18,477 INFO o.a.j.r.ClassFinder: Will scan jar C:\apache-jmeter-5.6.3\lib\ext\jmeter-plugins-manager-1.10.jar with filter ExtendsClassFilter [parents=[interface org.apache.jmeter.visualizers.ResultRenderer], inner=false, contains=null, notContains=null]. Consider exposing JMeter plugins via META-INF/services, and add JMeter-Skip-Class-Scanning=true manifest attribute so JMeter can skip classfile scanning
2025-05-30 13:41:18,478 INFO o.a.j.r.ClassFinder: Will scan jar C:\apache-jmeter-5.6.3\lib\ext\jmeter-plugins-casutg-3.1.1.jar with filter ExtendsClassFilter [parents=[interface org.apache.jmeter.visualizers.ResultRenderer], inner=false, contains=null, notContains=null]. Consider exposing JMeter plugins via META-INF/services, and add JMeter-Skip-Class-Scanning=true manifest attribute so JMeter can skip classfile scanning
2025-05-30 13:41:18,478 INFO o.a.j.r.ClassFinder: Will scan jar C:\apache-jmeter-5.6.3\lib\ext\jmeter-plugins-wsc-0.7.jar with filter ExtendsClassFilter [parents=[interface org.apache.jmeter.visualizers.ResultRenderer], inner=false, contains=null, notContains=null]. Consider exposing JMeter plugins via META-INF/services, and add JMeter-Skip-Class-Scanning=true manifest attribute so JMeter can skip classfile scanning
2025-05-30 13:41:18,508 INFO o.a.j.r.ClassFinder: Will scan jar C:\apache-jmeter-5.6.3\lib\ext\jmeter-plugins-manager-1.10.jar with filter ExtendsClassFilter [parents=[interface org.apache.jmeter.visualizers.RequestView], inner=false, contains=null, notContains=null]. Consider exposing JMeter plugins via META-INF/services, and add JMeter-Skip-Class-Scanning=true manifest attribute so JMeter can skip classfile scanning
2025-05-30 13:41:18,509 INFO o.a.j.r.ClassFinder: Will scan jar C:\apache-jmeter-5.6.3\lib\ext\jmeter-plugins-casutg-3.1.1.jar with filter ExtendsClassFilter [parents=[interface org.apache.jmeter.visualizers.RequestView], inner=false, contains=null, notContains=null]. Consider exposing JMeter plugins via META-INF/services, and add JMeter-Skip-Class-Scanning=true manifest attribute so JMeter can skip classfile scanning
2025-05-30 13:41:18,509 INFO o.a.j.r.ClassFinder: Will scan jar C:\apache-jmeter-5.6.3\lib\ext\jmeter-plugins-wsc-0.7.jar with filter ExtendsClassFilter [parents=[interface org.apache.jmeter.visualizers.RequestView], inner=false, contains=null, notContains=null]. Consider exposing JMeter plugins via META-INF/services, and add JMeter-Skip-Class-Scanning=true manifest attribute so JMeter can skip classfile scanning
2025-05-30 13:41:18,601 WARN c.b.j.c.WeightedSwitchController: Returning empty collection
2025-05-30 13:42:09,708 INFO o.a.j.g.a.Load: Loading file: D:\Workspace\Performance\jmeter-prometheus-grafana\jmeter\tests\WebTours2.jmx
2025-05-30 13:42:09,708 INFO o.a.j.s.FileServer: Set new base='D:\Workspace\Performance\jmeter-prometheus-grafana\jmeter\tests'
2025-05-30 13:42:09,708 INFO o.a.j.s.SaveService: Loading file: D:\Workspace\Performance\jmeter-prometheus-grafana\jmeter\tests\WebTours2.jmx
2025-05-30 13:42:09,777 INFO o.a.j.r.ClassFinder: Will scan jar C:\apache-jmeter-5.6.3\lib\ext\jmeter-plugins-manager-1.10.jar with filter ExtendsClassFilter [parents=[interface org.apache.jmeter.visualizers.ResultRenderer], inner=false, contains=null, notContains=null]. Consider exposing JMeter plugins via META-INF/services, and add JMeter-Skip-Class-Scanning=true manifest attribute so JMeter can skip classfile scanning
2025-05-30 13:42:09,777 INFO o.a.j.r.ClassFinder: Will scan jar C:\apache-jmeter-5.6.3\lib\ext\jmeter-plugins-casutg-3.1.1.jar with filter ExtendsClassFilter [parents=[interface org.apache.jmeter.visualizers.ResultRenderer], inner=false, contains=null, notContains=null]. Consider exposing JMeter plugins via META-INF/services, and add JMeter-Skip-Class-Scanning=true manifest attribute so JMeter can skip classfile scanning
2025-05-30 13:42:09,777 INFO o.a.j.r.ClassFinder: Will scan jar C:\apache-jmeter-5.6.3\lib\ext\jmeter-plugins-wsc-0.7.jar with filter ExtendsClassFilter [parents=[interface org.apache.jmeter.visualizers.ResultRenderer], inner=false, contains=null, notContains=null]. Consider exposing JMeter plugins via META-INF/services, and add JMeter-Skip-Class-Scanning=true manifest attribute so JMeter can skip classfile scanning
2025-05-30 13:42:09,806 INFO o.a.j.r.ClassFinder: Will scan jar C:\apache-jmeter-5.6.3\lib\ext\jmeter-plugins-manager-1.10.jar with filter ExtendsClassFilter [parents=[interface org.apache.jmeter.visualizers.RequestView], inner=false, contains=null, notContains=null]. Consider exposing JMeter plugins via META-INF/services, and add JMeter-Skip-Class-Scanning=true manifest attribute so JMeter can skip classfile scanning
2025-05-30 13:42:09,807 INFO o.a.j.r.ClassFinder: Will scan jar C:\apache-jmeter-5.6.3\lib\ext\jmeter-plugins-casutg-3.1.1.jar with filter ExtendsClassFilter [parents=[interface org.apache.jmeter.visualizers.RequestView], inner=false, contains=null, notContains=null]. Consider exposing JMeter plugins via META-INF/services, and add JMeter-Skip-Class-Scanning=true manifest attribute so JMeter can skip classfile scanning
2025-05-30 13:42:09,807 INFO o.a.j.r.ClassFinder: Will scan jar C:\apache-jmeter-5.6.3\lib\ext\jmeter-plugins-wsc-0.7.jar with filter ExtendsClassFilter [parents=[interface org.apache.jmeter.visualizers.RequestView], inner=false, contains=null, notContains=null]. Consider exposing JMeter plugins via META-INF/services, and add JMeter-Skip-Class-Scanning=true manifest attribute so JMeter can skip classfile scanning
2025-05-30 13:42:09,874 WARN c.b.j.c.WeightedSwitchController: Returning empty collection
2025-05-30 13:42:10,076 INFO o.a.j.s.FileServer: Set new base='D:\Workspace\Performance\jmeter-prometheus-grafana\jmeter\tests'
2025-05-30 13:42:18,169 INFO o.a.j.g.a.Load: Loading file: D:\Workspace\Performance\jmeter-prometheus-grafana\jmeter\tests\simple.jmx
2025-05-30 13:42:18,169 INFO o.a.j.s.FileServer: Set new base='D:\Workspace\Performance\jmeter-prometheus-grafana\jmeter\tests'
2025-05-30 13:42:18,169 INFO o.a.j.s.SaveService: Loading file: D:\Workspace\Performance\jmeter-prometheus-grafana\jmeter\tests\simple.jmx
2025-05-30 13:42:18,205 INFO o.a.j.r.ClassFinder: Will scan jar C:\apache-jmeter-5.6.3\lib\ext\jmeter-plugins-manager-1.10.jar with filter ExtendsClassFilter [parents=[interface org.apache.jmeter.visualizers.ResultRenderer], inner=false, contains=null, notContains=null]. Consider exposing JMeter plugins via META-INF/services, and add JMeter-Skip-Class-Scanning=true manifest attribute so JMeter can skip classfile scanning
2025-05-30 13:42:18,205 INFO o.a.j.r.ClassFinder: Will scan jar C:\apache-jmeter-5.6.3\lib\ext\jmeter-plugins-casutg-3.1.1.jar with filter ExtendsClassFilter [parents=[interface org.apache.jmeter.visualizers.ResultRenderer], inner=false, contains=null, notContains=null]. Consider exposing JMeter plugins via META-INF/services, and add JMeter-Skip-Class-Scanning=true manifest attribute so JMeter can skip classfile scanning
2025-05-30 13:42:18,205 INFO o.a.j.r.ClassFinder: Will scan jar C:\apache-jmeter-5.6.3\lib\ext\jmeter-plugins-wsc-0.7.jar with filter ExtendsClassFilter [parents=[interface org.apache.jmeter.visualizers.ResultRenderer], inner=false, contains=null, notContains=null]. Consider exposing JMeter plugins via META-INF/services, and add JMeter-Skip-Class-Scanning=true manifest attribute so JMeter can skip classfile scanning
2025-05-30 13:42:18,218 INFO o.a.j.r.ClassFinder: Will scan jar C:\apache-jmeter-5.6.3\lib\ext\jmeter-plugins-manager-1.10.jar with filter ExtendsClassFilter [parents=[interface org.apache.jmeter.visualizers.RequestView], inner=false, contains=null, notContains=null]. Consider exposing JMeter plugins via META-INF/services, and add JMeter-Skip-Class-Scanning=true manifest attribute so JMeter can skip classfile scanning
2025-05-30 13:42:18,219 INFO o.a.j.r.ClassFinder: Will scan jar C:\apache-jmeter-5.6.3\lib\ext\jmeter-plugins-casutg-3.1.1.jar with filter ExtendsClassFilter [parents=[interface org.apache.jmeter.visualizers.RequestView], inner=false, contains=null, notContains=null]. Consider exposing JMeter plugins via META-INF/services, and add JMeter-Skip-Class-Scanning=true manifest attribute so JMeter can skip classfile scanning
2025-05-30 13:42:18,219 INFO o.a.j.r.ClassFinder: Will scan jar C:\apache-jmeter-5.6.3\lib\ext\jmeter-plugins-wsc-0.7.jar with filter ExtendsClassFilter [parents=[interface org.apache.jmeter.visualizers.RequestView], inner=false, contains=null, notContains=null]. Consider exposing JMeter plugins via META-INF/services, and add JMeter-Skip-Class-Scanning=true manifest attribute so JMeter can skip classfile scanning
2025-05-30 13:42:18,258 WARN c.b.j.c.WeightedSwitchController: Returning empty collection
2025-05-30 13:42:18,307 INFO o.a.j.s.FileServer: Set new base='D:\Workspace\Performance\jmeter-prometheus-grafana\jmeter\tests'
